
Found perl:
   /usr/bin/perl
   This is perl 5, version 30, subversion 3 (v5.30.3) built for darwin-thread-multi-2level

Found java:
   /usr/bin/java
   java version "21.0.1" 2023-10-17 LTS

Found canu:
   /Users/jgabrielbarcia/repo1/genome_assembly_ps/canu-2.2/bin/canu
   canu 2.2

Running job 1 based on command line options.
Fetch blocks/000002.dat

Running block 000001 in query 000001

Running with these settings:
--filter-threshold = 1.0E-7
--help = false
--max-shift = 0.2
--min-olap-length = 500
--min-store-length = 0
--no-rc = false
--no-self = false
--no-tf = false
--num-hashes = 768
--num-min-matches = 2
--num-threads = 10
--ordered-kmer-size = 12
--ordered-sketch-size = 1536
--repeat-idf-scale = 10.0
--repeat-weight = 0.9
--settings = 0
--store-full-id = true
--supress-noise = 0
--threshold = 0.73
--version = false
-f = 
-h = false
-k = 16
-p = 
-q = queries/000001
-s = ./blocks/000001.dat

Processing files for storage in reverse index...
Current # sequences loaded and processed from file: 5000...
Current # sequences loaded and processed from file: 10000...
Current # sequences loaded and processed from file: 15000...
Current # sequences stored: 5000...
Current # sequences stored: 10000...
Current # sequences stored: 15000...
Stored 16200 sequences in the index.
Processed 16200 unique sequences (fwd and rev).
Time (s) to read and hash from file: 1.406859166
Time (s) to score and output to self: 1.325296916
Opened fasta file /Users/jgabrielbarcia/repo1/genome_assembly_ps/canu-2.2/ecoli-pacbio/correction/1-overlapper/blocks/000002.dat.
Processed 4428 to sequences.
Time (s) to score, hash to-file, and output: 1.063858709
Total scoring time (s): 2.389901042
Total time (s): 3.79680725
MinHash search time (s): 3.1495639890000002
Total matches found: 216653
Average number of matches per lookup: 17.293502554278415
Average number of table elements processed per lookup: 757.1451149425287
Average number of table elements processed per match: 43.78205702205832
Average % of hashed sequences hit per lookup: 0.5879747883260016
Average % of hashed sequences hit that are matches: 18.155543041407306
Average % of hashed sequences fully compared that are matches: 87.0679816100823
