
Found perl:
   /usr/bin/perl
   This is perl 5, version 30, subversion 3 (v5.30.3) built for darwin-thread-multi-2level

Found java:
   /usr/bin/java
   java version "21.0.1" 2023-10-17 LTS

Found canu:
   /Users/jgabrielbarcia/repo1/genome_assembly_ps/canu-2.2/bin/canu
   canu 2.2

Running job 1 based on command line options.
/Users/jgabrielbarcia/repo1/genome_assembly_ps/canu-2.2/ecoli-pacbio/correction/1-overlapper
Opened seqStore '../../ecoli.seqStore' for 'raw' reads.
Dumping raw reads from 1 to 8100 (inclusive).

Starting mhap precompute.

Running with these settings:
--filter-threshold = 1.0E-7
--help = false
--max-shift = 0.2
--min-olap-length = 500
--min-store-length = 0
--no-rc = false
--no-self = false
--no-tf = false
--num-hashes = 768
--num-min-matches = 2
--num-threads = 10
--ordered-kmer-size = 12
--ordered-sketch-size = 1536
--repeat-idf-scale = 10.0
--repeat-weight = 0.9
--settings = 0
--store-full-id = true
--supress-noise = 0
--threshold = 0.73
--version = false
-f = ../../0-mercounts/ecoli.ms16.ignore.gz
-h = false
-k = 16
-p = ./000001.input.fasta
-q = .
-s = 

Reading in filter file ../../0-mercounts/ecoli.ms16.ignore.gz.
Read in values for repeat 0 and 0
Warning, k-mer filter file has zero elements.
Initializing
Initialized
Time (s) to read filter file: 0.04323925
Read in k-mer filter for sizes: []
Processing FASTA files for binary compression...
Current # sequences loaded and processed from file: 5000...
Current # sequences loaded and processed from file: 10000...
Current # sequences loaded and processed from file: 15000...
Processed 16200 sequences (fwd and rev).
Read, hashed, and stored file ./000001.input.fasta to ./000001.input.dat.
Time (s): 251.45413058300002
Total time (s): 251.454225416
