
Found perl:
   /usr/bin/perl
   This is perl 5, version 30, subversion 3 (v5.30.3) built for darwin-thread-multi-2level

Found java:
   /usr/bin/java
   java version "21.0.1" 2023-10-17 LTS

Found canu:
   /Users/jgabrielbarcia/repo1/genome_assembly_ps/canu-2.2/bin/canu
   canu 2.2

Running job 1 based on command line options.
Read_Frags()-- Loading target reads 1 through 6014 with 41846108 bases.
Read_Frags()-- 2.221 GB for bases, votes and info.

Read_Olaps()-- Loading 179645 overlaps.
Read_Olaps()-- 0.003 GB for overlaps..

extractReads()-- Loading reads 1 to 12528 (10222 reads with 88911156 bases) overlaps 0 through 179645.
extractReads()-- Loaded.
processReads()-- Launching compute.
processReads()-- Waiting for compute.

Passed overlaps =     179163  99.7317%
Failed overlaps =        482   0.2683%
Output file: ./00001.red.WORKING

Bye.
